# JRE version: Java(TM) SE Runtime Environment (8.0_102-b14) (build 1.8.0_102-b14)
# Java VM: Java HotSpot(TM) 64-Bit Server VM (25.102-b14 mixed mode windows-amd64 compressed oops)
Heap:
 PSYoungGen      total 172544K, used 65822K [0x00000000eab00000, 0x00000000f7200000, 0x0000000100000000)
  eden space 162816K, 34% used [0x00000000eab00000,0x00000000ee2413f8,0x00000000f4a00000)
  from space 9728K, 95% used [0x00000000f6880000,0x00000000f7186788,0x00000000f7200000)
  to   space 12800K, 0% used [0x00000000f5900000,0x00000000f5900000,0x00000000f6580000)
 ParOldGen       total 87552K, used 19734K [0x00000000c0000000, 0x00000000c5580000, 0x00000000eab00000)
  object space 87552K, 22% used [0x00000000c0000000,0x00000000c1345930,0x00000000c5580000)
 Metaspace       used 42010K, capacity 42884K, committed 43136K, reserved 1087488K
  class space    used 5721K, capacity 5932K, committed 6016K, reserved 1048576K
GC Heap History (10 events):
Event: 20.137 GC heap before
{Heap before GC invocations=6 (full 1):
 PSYoungGen      total 71680K, used 66560K [0x00000000eab00000, 0x00000000ef600000, 0x0000000100000000)
  eden space 66560K, 100% used [0x00000000eab00000,0x00000000eec00000,0x00000000eec00000)
  from space 5120K, 0% used [0x00000000ef100000,0x00000000ef100000,0x00000000ef600000)
  to   space 5120K, 0% used [0x00000000eec00000,0x00000000eec00000,0x00000000ef100000)
 ParOldGen       total 58368K, used 9302K [0x00000000c0000000, 0x00000000c3900000, 0x00000000eab00000)
  object space 58368K, 15% used [0x00000000c0000000,0x00000000c0915ab8,0x00000000c3900000)
 Metaspace       used 25969K, capacity 26538K, committed 26624K, reserved 1073152K
  class space    used 3652K, capacity 3809K, committed 3840K, reserved 1048576K
Event: 20.157 GC heap after
Heap after GC invocations=6 (full 1):
 PSYoungGen      total 71680K, used 5111K [0x00000000eab00000, 0x00000000f2a80000, 0x0000000100000000)
  eden space 66560K, 0% used [0x00000000eab00000,0x00000000eab00000,0x00000000eec00000)
  from space 5120K, 99% used [0x00000000eec00000,0x00000000ef0fdfe0,0x00000000ef100000)
  to   space 10752K, 0% used [0x00000000f2000000,0x00000000f2000000,0x00000000f2a80000)
 ParOldGen       total 58368K, used 11952K [0x00000000c0000000, 0x00000000c3900000, 0x00000000eab00000)
  object space 58368K, 20% used [0x00000000c0000000,0x00000000c0bac0a0,0x00000000c3900000)
 Metaspace       used 25969K, capacity 26538K, committed 26624K, reserved 1073152K
  class space    used 3652K, capacity 3809K, committed 3840K, reserved 1048576K
}
Event: 22.770 GC heap before
{Heap before GC invocations=7 (full 1):
 PSYoungGen      total 71680K, used 71671K [0x00000000eab00000, 0x00000000f2a80000, 0x0000000100000000)
  eden space 66560K, 100% used [0x00000000eab00000,0x00000000eec00000,0x00000000eec00000)
  from space 5120K, 99% used [0x00000000eec00000,0x00000000ef0fdfe0,0x00000000ef100000)
  to   space 10752K, 0% used [0x00000000f2000000,0x00000000f2000000,0x00000000f2a80000)
 ParOldGen       total 58368K, used 11952K [0x00000000c0000000, 0x00000000c3900000, 0x00000000eab00000)
  object space 58368K, 20% used [0x00000000c0000000,0x00000000c0bac0a0,0x00000000c3900000)
 Metaspace       used 28351K, capacity 28930K, committed 29312K, reserved 1075200K
  class space    used 3959K, capacity 4133K, committed 4224K, reserved 1048576K
Event: 22.885 GC heap after
Heap after GC invocations=7 (full 1):
 PSYoungGen      total 119808K, used 5920K [0x00000000eab00000, 0x00000000f2a80000, 0x0000000100000000)
  eden space 109056K, 0% used [0x00000000eab00000,0x00000000eab00000,0x00000000f1580000)
  from space 10752K, 55% used [0x00000000f2000000,0x00000000f25c8290,0x00000000f2a80000)
  to   space 10752K, 0% used [0x00000000f1580000,0x00000000f1580000,0x00000000f2000000)
 ParOldGen       total 58368K, used 11960K [0x00000000c0000000, 0x00000000c3900000, 0x00000000eab00000)
  object space 58368K, 20% used [0x00000000c0000000,0x00000000c0bae0a0,0x00000000c3900000)
 Metaspace       used 28351K, capacity 28930K, committed 29312K, reserved 1075200K
  class space    used 3959K, capacity 4133K, committed 4224K, reserved 1048576K
}
Event: 27.321 GC heap before
{Heap before GC invocations=8 (full 1):
 PSYoungGen      total 119808K, used 112514K [0x00000000eab00000, 0x00000000f2a80000, 0x0000000100000000)
  eden space 109056K, 97% used [0x00000000eab00000,0x00000000f13186f8,0x00000000f1580000)
  from space 10752K, 55% used [0x00000000f2000000,0x00000000f25c8290,0x00000000f2a80000)
  to   space 10752K, 0% used [0x00000000f1580000,0x00000000f1580000,0x00000000f2000000)
 ParOldGen       total 58368K, used 11960K [0x00000000c0000000, 0x00000000c3900000, 0x00000000eab00000)
  object space 58368K, 20% used [0x00000000c0000000,0x00000000c0bae0a0,0x00000000c3900000)
 Metaspace       used 34607K, capacity 35290K, committed 35456K, reserved 1079296K
  class space    used 4760K, capacity 4976K, committed 4992K, reserved 1048576K
Event: 27.633 GC heap after
Heap after GC invocations=8 (full 1):
 PSYoungGen      total 119808K, used 10748K [0x00000000eab00000, 0x00000000f7500000, 0x0000000100000000)
  eden space 109056K, 0% used [0x00000000eab00000,0x00000000eab00000,0x00000000f1580000)
  from space 10752K, 99% used [0x00000000f1580000,0x00000000f1fff3b8,0x00000000f2000000)
  to   space 12800K, 0% used [0x00000000f6880000,0x00000000f6880000,0x00000000f7500000)
 ParOldGen       total 58368K, used 13096K [0x00000000c0000000, 0x00000000c3900000, 0x00000000eab00000)
  object space 58368K, 22% used [0x00000000c0000000,0x00000000c0cca3b0,0x00000000c3900000)
 Metaspace       used 34607K, capacity 35290K, committed 35456K, reserved 1079296K
  class space    used 4760K, capacity 4976K, committed 4992K, reserved 1048576K
}
Event: 27.633 GC heap before
{Heap before GC invocations=9 (full 2):
 PSYoungGen      total 119808K, used 10748K [0x00000000eab00000, 0x00000000f7500000, 0x0000000100000000)
  eden space 109056K, 0% used [0x00000000eab00000,0x00000000eab00000,0x00000000f1580000)
  from space 10752K, 99% used [0x00000000f1580000,0x00000000f1fff3b8,0x00000000f2000000)
  to   space 12800K, 0% used [0x00000000f6880000,0x00000000f6880000,0x00000000f7500000)
 ParOldGen       total 58368K, used 13096K [0x00000000c0000000, 0x00000000c3900000, 0x00000000eab00000)
  object space 58368K, 22% used [0x00000000c0000000,0x00000000c0cca3b0,0x00000000c3900000)
 Metaspace       used 34607K, capacity 35290K, committed 35456K, reserved 1079296K
  class space    used 4760K, capacity 4976K, committed 4992K, reserved 1048576K
Event: 28.261 GC heap after
Heap after GC invocations=9 (full 2):
 PSYoungGen      total 119808K, used 0K [0x00000000eab00000, 0x00000000f7500000, 0x0000000100000000)
  eden space 109056K, 0% used [0x00000000eab00000,0x00000000eab00000,0x00000000f1580000)
  from space 10752K, 0% used [0x00000000f1580000,0x00000000f1580000,0x00000000f2000000)
  to   space 12800K, 0% used [0x00000000f6880000,0x00000000f6880000,0x00000000f7500000)
 ParOldGen       total 87552K, used 19662K [0x00000000c0000000, 0x00000000c5580000, 0x00000000eab00000)
  object space 87552K, 22% used [0x00000000c0000000,0x00000000c1333920,0x00000000c5580000)
 Metaspace       used 34607K, capacity 35290K, committed 35456K, reserved 1079296K
  class space    used 4760K, capacity 4976K, committed 4992K, reserved 1048576K
}
Event: 35.141 GC heap before
{Heap before GC invocations=10 (full 2):
 PSYoungGen      total 119808K, used 109056K [0x00000000eab00000, 0x00000000f7500000, 0x0000000100000000)
  eden space 109056K, 100% used [0x00000000eab00000,0x00000000f1580000,0x00000000f1580000)
  from space 10752K, 0% used [0x00000000f1580000,0x00000000f1580000,0x00000000f2000000)
  to   space 12800K, 0% used [0x00000000f6880000,0x00000000f6880000,0x00000000f7500000)
 ParOldGen       total 87552K, used 19662K [0x00000000c0000000, 0x00000000c5580000, 0x00000000eab00000)
  object space 87552K, 22% used [0x00000000c0000000,0x00000000c1333920,0x00000000c5580000)
 Metaspace       used 41865K, capacity 42732K, committed 43136K, reserved 1087488K
  class space    used 5718K, capacity 5928K, committed 6016K, reserved 1048576K
Event: 35.162 GC heap after
Heap after GC invocations=10 (full 2):
 PSYoungGen      total 172544K, used 9241K [0x00000000eab00000, 0x00000000f7200000, 0x0000000100000000)
  eden space 162816K, 0% used [0x00000000eab00000,0x00000000eab00000,0x00000000f4a00000)
  from space 9728K, 95% used [0x00000000f6880000,0x00000000f7186788,0x00000000f7200000)
  to   space 12800K, 0% used [0x00000000f5900000,0x00000000f5900000,0x00000000f6580000)
 ParOldGen       total 87552K, used 19734K [0x00000000c0000000, 0x00000000c5580000, 0x00000000eab00000)
  object space 87552K, 22% used [0x00000000c0000000,0x00000000c1345930,0x00000000c5580000)
 Metaspace       used 41865K, capacity 42732K, committed 43136K, reserved 1087488K
  class space    used 5718K, capacity 5928K, committed 6016K, reserved 1048576K
}

